This is pdfTeX, Version 3.14159265-2.6-1.40.20 (TeX Live 2019/Debian) (preloaded format=pdflatex 2021.2.19)  21 JAN 2022 14:21
entering extended mode
 restricted \write18 enabled.
 %&-line parsing enabled.
**abstract.tex
(./abstract.tex
LaTeX2e <2020-02-02> patch level 2
L3 programming layer <2020-02-14>

! LaTeX Error: Missing \begin{document}.

See the LaTeX manual or LaTeX Companion for explanation.
Type  H <return>  for immediate help.
 ...                                              
                                                  
l.2 \begin{center}
                  
You're in trouble here.  Try typing  <return>  to proceed.
If that doesn't work, type  X <return>  to quit.


Overfull \hbox (20.0pt too wide) in paragraph at lines 2--2
[] 
 []

! Undefined control sequence.
l.3     \Large
              
The control sequence at the end of the top line
of your error message was never \def'ed. If you have
misspelled it (e.g., `\hobx'), type `I' and the correct
spelling (e.g., `I\hbox'). Otherwise just continue,
and I'll forget about whatever was undefined.


Overfull \hbox (41.70119pt too wide) in paragraph at lines 4--5
 \OT1/cmr/bx/n/10 Alerting 
 []


Overfull \hbox (18.97487pt too wide) in paragraph at lines 4--5
 \OT1/cmr/bx/n/10 sys- 
 []


Overfull \hbox (19.3263pt too wide) in paragraph at lines 4--5
 \OT1/cmr/bx/n/10 tem 
 []


Overfull \hbox (13.99994pt too wide) in paragraph at lines 4--5
 \OT1/cmr/bx/n/10 for 
 []


Overfull \hbox (30.6665pt too wide) in paragraph at lines 4--5
 \OT1/cmr/bx/n/10 cloud- 
 []


Overfull \hbox (38.7248pt too wide) in paragraph at lines 4--5
 \OT1/cmr/bx/n/10 services 
 []


Overfull \hbox (9.58328pt too wide) in paragraph at lines 4--5
 \OT1/cmr/bx/n/10 in 
 []


Overfull \hbox (25.87486pt too wide) in paragraph at lines 4--5
 \OT1/cmr/bx/n/10 mod- 
 []


Overfull \hbox (16.39577pt too wide) in paragraph at lines 4--5
 \OT1/cmr/bx/n/10 ern 
 []


Overfull \hbox (15.8124pt too wide) in paragraph at lines 4--5
 \OT1/cmr/bx/n/10 au- 
 []


Overfull \hbox (14.05548pt too wide) in paragraph at lines 4--5
 \OT1/cmr/bx/n/10 to- 
 []


Overfull \hbox (19.16656pt too wide) in paragraph at lines 4--5
 \OT1/cmr/bx/n/10 mo- 
 []


Overfull \hbox (18.04852pt too wide) in paragraph at lines 4--5
 \OT1/cmr/bx/n/10 bile 
 []


Overfull \hbox (14.15964pt too wide) in paragraph at lines 4--5
 \OT1/cmr/bx/n/10 ar- 
 []


Overfull \hbox (18.20824pt too wide) in paragraph at lines 4--5
 \OT1/cmr/bx/n/10 chi- 
 []


Overfull \hbox (18.68741pt too wide) in paragraph at lines 4--5
 \OT1/cmr/bx/n/10 tec- 
 []


Overfull \hbox (25.40404pt too wide) in paragraph at lines 4--5
 \OT1/cmr/bx/n/10 tures 
 []


Overfull \hbox (14.75824pt too wide) in paragraph at lines 4--5
 \OT1/cmr/bx/n/10 us- 
 []


Overfull \hbox (15.33325pt too wide) in paragraph at lines 4--5
 \OT1/cmr/bx/n/10 ing 
 []


Overfull \hbox (16.13187pt too wide) in paragraph at lines 4--5
 \OT1/cmr/bx/n/10 the 
 []


Overfull \hbox (24.75684pt too wide) in paragraph at lines 4--5
 \OT1/cmr/bx/n/10 Mer- 
 []


Overfull \hbox (21.30682pt too wide) in paragraph at lines 4--5
 \OT1/cmr/bx/n/10 ceds 
 []


Overfull \hbox (24.95126pt too wide) in paragraph at lines 4--5
 \OT1/cmr/bx/n/10 Benz 
 []


Overfull \hbox (18.86101pt too wide) in paragraph at lines 4--5
 \OT1/cmr/bx/n/10 Op- 
 []


Overfull \hbox (13.84023pt too wide) in paragraph at lines 4--5
 \OT1/cmr/bx/n/10 er- 
 []


Overfull \hbox (13.89574pt too wide) in paragraph at lines 4--5
 \OT1/cmr/bx/n/10 at- 
 []


Overfull \hbox (15.33325pt too wide) in paragraph at lines 4--5
 \OT1/cmr/bx/n/10 ing 
 []


Overfull \hbox (20.82765pt too wide) in paragraph at lines 4--5
 \OT1/cmr/bx/n/10 Sys- 
 []


Overfull \hbox (19.3263pt too wide) in paragraph at lines 4--5
 \OT1/cmr/bx/n/10 tem 
 []


Overfull \hbox (43.06921pt too wide) in paragraph at lines 4--5
 \OT1/cmr/bx/n/10 (MBOS) 
 []


Overfull \hbox (10.1263pt too wide) in paragraph at lines 4--5
 \OT1/cmr/bx/n/10 as 
 []


Overfull \hbox (5.59023pt too wide) in paragraph at lines 4--5
 \OT1/cmr/bx/n/10 a 
 []


Overfull \hbox (20.5082pt too wide) in paragraph at lines 4--5
 \OT1/cmr/bx/n/10 case 
 []


Overfull \hbox (28.01512pt too wide) in paragraph at lines 4--5
 \OT1/cmr/bx/n/10 study 
 []

! Undefined control sequence.
l.7     \large
              
The control sequence at the end of the top line
of your error message was never \def'ed. If you have
misspelled it (e.g., `\hobx'), type `I' and the correct
spelling (e.g., `I\hbox'). Otherwise just continue,
and I'll forget about whatever was undefined.


Overfull \hbox (17.9235pt too wide) in paragraph at lines 10--11
 []\OT1/cmr/bx/n/10 Jan 
 []


Overfull \hbox (30.88179pt too wide) in paragraph at lines 10--11
 \OT1/cmr/bx/n/10 Meck- 
 []


Overfull \hbox (12.29855pt too wide) in paragraph at lines 10--11
 \OT1/cmr/bx/n/10 el- 
 []


Overfull \hbox (19.80545pt too wide) in paragraph at lines 10--11
 \OT1/cmr/bx/n/10 holt 
 []


Overfull \hbox (44.00113pt too wide) in paragraph at lines 13--14
 []\OT1/cmr/bx/n/10 Abstract 
 []

Missing character: There is no M in font nullfont!
Missing character: There is no a in font nullfont!
Missing character: There is no x in font nullfont!
Missing character: There is no 2 in font nullfont!
Missing character: There is no 5 in font nullfont!
Missing character: There is no 0 in font nullfont!
Missing character: There is no W in font nullfont!
LaTeX Font Info:    Trying to load font information for +cmr on input line 15.
LaTeX Font Info:    No file cmr.fd. on input line 15.

LaTeX Font Warning: Font shape `/cmr/m/n' undefined
(Font)              using `/cmr/m/n' instead on input line 15.

! Corrupted NFSS tables.
wrong@fontshape ...message {Corrupted NFSS tables}
                                                  error@fontshape else let f...
l.15 Max 250 Wö
                rter
This error message was generated by an \errmessage
command, so I can't give any explicit help.
Pretend that you're Hercule Poirot: Examine all clues,
and deduce the truth by order and method.


LaTeX Font Warning: Font shape `/cmr/m/n' undefined
(Font)              using `OT1/cmr/m/n' instead on input line 15.

Missing character: There is no r in font nullfont!
Missing character: There is no t in font nullfont!
Missing character: There is no e in font nullfont!
Missing character: There is no r in font nullfont!

Overfull \hbox (10.00003pt too wide) in paragraph at lines 15--16
 \/cmr/m/n/10 ^^?o 
 []


Overfull \hbox (114.566pt too wide) in paragraph at lines 18--19
 []\OT1/cmr/bx/n/10 Kurzzusammenfassung 
 []

Missing character: There is no M in font nullfont!
Missing character: There is no a in font nullfont!
Missing character: There is no x in font nullfont!
Missing character: There is no 2 in font nullfont!
Missing character: There is no 5 in font nullfont!
Missing character: There is no 0 in font nullfont!
Missing character: There is no W in font nullfont!
Missing character: There is no r in font nullfont!
Missing character: There is no t in font nullfont!
Missing character: There is no e in font nullfont!
Missing character: There is no r in font nullfont!

Overfull \hbox (5.00002pt too wide) in paragraph at lines 20--21
 \/cmr/m/n/10 ^^?o 
 []

)
! Emergency stop.
<*> abstract.tex
                
*** (job aborted, no legal \end found)

 
Here is how much of TeX's memory you used:
 28 strings out of 483089
 482 string characters out of 5962868
 233027 words of memory out of 5000000
 15166 multiletter control sequences out of 15000+600000
 532646 words of font info for 25 fonts, out of 8000000 for 9000
 36 hyphenation exceptions out of 8191
 17i,1n,16p,176b,138s stack positions out of 5000i,500n,10000p,200000b,80000s
!  ==> Fatal error occurred, no output PDF file produced!
